<?xml version="1.0" encoding="UTF-8"?>
<!-- Generated by org.testng.reporters.JUnitReportReporter -->
<testsuite skipped="0" hostname="Swethas-MacBook-Pro.local" name="shippingtests.EnableShipyaariTest" tests="1" failures="0" timestamp="28 Oct 2018 09:07:45 GMT" time="52.247" errors="0">
  <testcase name="testEnableShipyaari" time="52.247" classname="shippingtests.EnableShipyaariTest"/>
</testsuite> <!-- shippingtests.EnableShipyaariTest -->
