<?xml version="1.0" encoding="UTF-8"?>
<!-- Generated by org.testng.reporters.JUnitReportReporter -->
<testsuite skipped="0" hostname="Swethas-MacBook-Pro.local" name="shippingtests.EnableSelCollectTest" tests="1" failures="0" timestamp="28 Oct 2018 09:14:34 GMT" time="14.271" errors="0">
  <testcase name="testEnableSelfCollect" time="14.271" classname="shippingtests.EnableSelCollectTest"/>
</testsuite> <!-- shippingtests.EnableSelCollectTest -->
