<?xml version="1.0" encoding="UTF-8"?>
<!-- Generated by org.testng.reporters.JUnitReportReporter -->
<testsuite skipped="0" hostname="Swethas-MacBook-Pro.local" name="storetests.EnableStoreTest2" tests="1" failures="0" timestamp="28 Oct 2018 10:22:04 GMT" time="25.429" errors="0">
  <testcase name="testEnableStore_ProductAndPayment" time="25.429" classname="storetests.EnableStoreTest2"/>
</testsuite> <!-- storetests.EnableStoreTest2 -->
