<?xml version="1.0" encoding="UTF-8"?>
<!-- Generated by org.testng.reporters.JUnitReportReporter -->
<testsuite skipped="0" hostname="Swethas-MacBook-Pro.local" name="shippingtests.EnableAramexTest" tests="1" failures="0" timestamp="28 Oct 2018 08:58:48 GMT" time="82.149" errors="0">
  <testcase name="testEnablePaytm" time="82.149" classname="shippingtests.EnableAramexTest"/>
</testsuite> <!-- shippingtests.EnableAramexTest -->
