<?xml version="1.0" encoding="UTF-8"?>
<!-- Generated by org.testng.reporters.JUnitReportReporter -->
<testsuite skipped="0" hostname="Swethas-MacBook-Pro.local" name="paymentOptions.EnableCitruspay" tests="1" failures="0" timestamp="28 Oct 2018 08:51:21 GMT" time="22.146" errors="0">
  <testcase name="testEnablePaytm" time="22.146" classname="paymentOptions.EnableCitruspay"/>
</testsuite> <!-- paymentOptions.EnableCitruspay -->
