<?xml version="1.0" encoding="UTF-8"?>
<!-- Generated by org.testng.reporters.JUnitReportReporter -->
<testsuite skipped="0" hostname="Swethas-MacBook-Pro.local" name="logintests.discounts.CreateDiscountTest" tests="3" failures="0" timestamp="28 Oct 2018 07:04:17 GMT" time="33.245" errors="0">
  <testcase name="testCreateFreeShippingDiscount" time="8.863" classname="logintests.discounts.CreateDiscountTest"/>
  <testcase name="testCreatePercentageDiscount" time="9.032" classname="logintests.discounts.CreateDiscountTest"/>
  <testcase name="testCreateFlatDiscount" time="15.350" classname="logintests.discounts.CreateDiscountTest"/>
</testsuite> <!-- logintests.discounts.CreateDiscountTest -->
