<?xml version="1.0" encoding="UTF-8"?>
<!-- Generated by org.testng.reporters.JUnitReportReporter -->
<testsuite skipped="0" hostname="Swethas-MacBook-Pro.local" name="logintests.orders.hk.OrdersTest" tests="3" failures="0" timestamp="28 Oct 2018 06:16:24 GMT" time="77.476" errors="0">
  <testcase name="testOrderMarkAsDelivered" time="11.033" classname="logintests.orders.hk.OrdersTest"/>
  <testcase name="testPrintInvoice" time="5.287" classname="logintests.orders.hk.OrdersTest"/>
  <testcase name="testCreateOrder" time="61.156" classname="logintests.orders.hk.OrdersTest"/>
</testsuite> <!-- logintests.orders.hk.OrdersTest -->
