<?xml version="1.0" encoding="UTF-8"?>
<!-- Generated by org.testng.reporters.JUnitReportReporter -->
<testsuite skipped="0" hostname="Swethas-MacBook-Pro.local" name="logintests.marketplace.enableMarketplaceEbayTest" tests="1" failures="0" timestamp="28 Oct 2018 07:31:11 GMT" time="34.331" errors="0">
  <testcase name="testEnableEbay" time="34.331" classname="logintests.marketplace.enableMarketplaceEbayTest"/>
</testsuite> <!-- logintests.marketplace.enableMarketplaceEbayTest -->
