<?xml version="1.0" encoding="UTF-8"?>
<!-- Generated by org.testng.reporters.JUnitReportReporter -->
<testsuite skipped="0" hostname="Swethas-MacBook-Pro.local" name="profileTests.ChangeNameTest" tests="1" failures="0" timestamp="28 Oct 2018 10:28:56 GMT" time="15.245" errors="0">
  <testcase name="testChangeName" time="15.245" classname="profileTests.ChangeNameTest"/>
</testsuite> <!-- profileTests.ChangeNameTest -->
