<?xml version="1.0" encoding="UTF-8"?>
<!-- Generated by org.testng.reporters.JUnitReportReporter -->
<testsuite skipped="0" hostname="Swethas-MacBook-Pro.local" name="paymentOptions.EnableCOD" tests="1" failures="0" timestamp="28 Oct 2018 08:18:40 GMT" time="14.790" errors="0">
  <testcase name="testEnableCOD" time="14.790" classname="paymentOptions.EnableCOD"/>
</testsuite> <!-- paymentOptions.EnableCOD -->
