<?xml version="1.0" encoding="UTF-8"?>
<!-- Generated by org.testng.reporters.JUnitReportReporter -->
<testsuite skipped="0" hostname="Swethas-MacBook-Pro.local" name="shippingtests.EnableOwnShipping" tests="1" failures="0" timestamp="28 Oct 2018 09:13:06 GMT" time="24.623" errors="0">
  <testcase name="testEnableOwnShipping" time="24.623" classname="shippingtests.EnableOwnShipping"/>
</testsuite> <!-- shippingtests.EnableOwnShipping -->
