<?xml version="1.0" encoding="UTF-8"?>
<!-- Generated by org.testng.reporters.JUnitReportReporter -->
<testsuite skipped="0" hostname="Swethas-MacBook-Pro.local" name="seotests.SeoTest" tests="1" failures="0" timestamp="28 Oct 2018 07:07:46 GMT" time="16.382" errors="0">
  <testcase name="testSeo" time="16.382" classname="seotests.SeoTest"/>
</testsuite> <!-- seotests.SeoTest -->
