<?xml version="1.0" encoding="UTF-8"?>
<!-- Generated by org.testng.reporters.JUnitReportReporter -->
<testsuite skipped="0" hostname="Swethas-MacBook-Pro.local" name="profileTests.ChangePhoneNumberTest" tests="1" failures="0" timestamp="28 Oct 2018 10:33:58 GMT" time="35.544" errors="0">
  <testcase name="testChangeName" time="35.544" classname="profileTests.ChangePhoneNumberTest"/>
</testsuite> <!-- profileTests.ChangePhoneNumberTest -->
