<?xml version="1.0" encoding="UTF-8"?>
<!-- Generated by org.testng.reporters.JUnitReportReporter -->
<testsuite skipped="0" hostname="Swethas-MacBook-Pro.local" name="paymentOptions.EnablePaytm" tests="1" failures="0" timestamp="28 Oct 2018 08:48:10 GMT" time="15.315" errors="0">
  <testcase name="testEnablePaytm" time="15.315" classname="paymentOptions.EnablePaytm"/>
</testsuite> <!-- paymentOptions.EnablePaytm -->
