<?xml version="1.0" encoding="UTF-8"?>
<!-- Generated by org.testng.reporters.JUnitReportReporter -->
<testsuite skipped="0" hostname="Swethas-MacBook-Pro.local" name="shoppingchannels.EnableFaceBookShoppingChannel" tests="1" failures="0" timestamp="28 Oct 2018 07:22:28 GMT" time="13.330" errors="0">
  <testcase name="testShoppingChannel" time="13.330" classname="shoppingchannels.EnableFaceBookShoppingChannel"/>
</testsuite> <!-- shoppingchannels.EnableFaceBookShoppingChannel -->
