<?xml version="1.0" encoding="UTF-8"?>
<!-- Generated by org.testng.reporters.JUnitReportReporter -->
<testsuite skipped="0" hostname="Swethas-MacBook-Pro.local" name="TestClass" tests="1" failures="0" timestamp="10 Oct 2018 04:55:00 GMT" time="1.292" errors="0">
  <testcase name="testMethod" time="1.292" classname="TestClass"/>
</testsuite> <!-- TestClass -->
