<?xml version="1.0" encoding="UTF-8"?>
<!-- Generated by org.testng.reporters.JUnitReportReporter -->
<testsuite skipped="0" hostname="Swethas-MacBook-Pro.local" name="logintests.products.CreateProductWithBasicDetails" tests="1" failures="0" timestamp="28 Oct 2018 03:03:49 GMT" time="87.275" errors="0">
  <testcase name="testCreateProductWithBasicDetails_1" time="87.275" classname="logintests.products.CreateProductWithBasicDetails"/>
</testsuite> <!-- logintests.products.CreateProductWithBasicDetails -->
